c:\users\baoso\desktop\55班\code\docfastsearchtool\docfastsearchtool\debug\vc120.pdb
c:\users\baoso\desktop\55班\code\docfastsearchtool\docfastsearchtool\debug\vc120.idb
c:\users\baoso\desktop\55班\code\docfastsearchtool\docfastsearchtool\debug\datamanager.obj
c:\users\baoso\desktop\55班\code\docfastsearchtool\docfastsearchtool\debug\docfastsearchtool.obj
c:\users\baoso\desktop\55班\code\docfastsearchtool\docfastsearchtool\debug\scanmanager.obj
c:\users\baoso\desktop\55班\code\docfastsearchtool\docfastsearchtool\debug\sysutil.obj
c:\users\baoso\desktop\55班\code\docfastsearchtool\debug\docfastsearchtool.ilk
c:\users\baoso\desktop\55班\code\docfastsearchtool\debug\docfastsearchtool.exe
c:\users\baoso\desktop\55班\code\docfastsearchtool\debug\docfastsearchtool.pdb
e:\ice_bitwork\bit-githup\project\docfastsearchtool\docfastsearchtool\debug\datamanager.obj
e:\ice_bitwork\bit-githup\project\docfastsearchtool\docfastsearchtool\debug\docfastsearchtool.obj
e:\ice_bitwork\bit-githup\project\docfastsearchtool\docfastsearchtool\debug\scanmanager.obj
e:\ice_bitwork\bit-githup\project\docfastsearchtool\docfastsearchtool\debug\sysutil.obj
e:\ice_bitwork\bit-githup\project\docfastsearchtool\docfastsearchtool\debug\vc120.idb
e:\ice_bitwork\bit-githup\project\docfastsearchtool\docfastsearchtool\debug\vc120.pdb
e:\ice_bitwork\bit-githup\project\docfastsearchtool\debug\docfastsearchtool.pdb
e:\ice_bitwork\bit-githup\project\docfastsearchtool\debug\docfastsearchtool.exe
e:\ice_bitwork\bit-githup\project\docfastsearchtool\debug\docfastsearchtool.ilk
e:\ice_bitwork\bit-githup\project\docfastsearchtool\docfastsearchtool\debug\docfasts.53ebb483.tlog\cl.command.1.tlog
e:\ice_bitwork\bit-githup\project\docfastsearchtool\docfastsearchtool\debug\docfasts.53ebb483.tlog\cl.read.1.tlog
e:\ice_bitwork\bit-githup\project\docfastsearchtool\docfastsearchtool\debug\docfasts.53ebb483.tlog\cl.write.1.tlog
e:\ice_bitwork\bit-githup\project\docfastsearchtool\docfastsearchtool\debug\docfasts.53ebb483.tlog\link.command.1.tlog
e:\ice_bitwork\bit-githup\project\docfastsearchtool\docfastsearchtool\debug\docfasts.53ebb483.tlog\link.read.1.tlog
e:\ice_bitwork\bit-githup\project\docfastsearchtool\docfastsearchtool\debug\docfasts.53ebb483.tlog\link.write.1.tlog
